<?xml version="1.0" encoding="UTF-8"?>
<!-- Generated by org.testng.reporters.JUnitXMLReporter -->
<testsuite ignored="3" hostname="DESKTOP-2IJD371" failures="0" tests="2" name="Default test" time="68.968" errors="0" timestamp="2023-04-02T11:27:05 IST">
  <testcase classname="com.edusolution.runner.TestNGRunner" name="gmail" time="41.659"/>
  <testcase classname="com.edusolution.runner.TestNGRunner" name="gmail" time="0.002"/>
  <testcase classname="com.edusolution.runner.TestNGRunner" name="language_test" time="0.0">
    <ignored/>
  </testcase> <!-- language_test -->
  <testcase classname="com.edusolution.runner.TestNGRunner" name="login" time="0.0">
    <ignored/>
  </testcase> <!-- login -->
  <testcase classname="com.edusolution.runner.TestNGRunner" name="google_search" time="0.0">
    <ignored/>
  </testcase> <!-- google_search -->
</testsuite> <!-- Default test -->
