<?xml version="1.0" encoding="UTF-8"?>
<!-- Generated by org.testng.reporters.JUnitXMLReporter -->
<testsuite ignored="3" hostname="DESKTOP-2IJD371" failures="1" tests="2" name="Test" time="74.592" errors="0" timestamp="2023-04-02T21:41:10 IST">
  <testcase classname="com.edusolution.runner.TestNGRunner" name="gmail" time="42.524">
    <failure type="java.lang.AssertionError" message="The following asserts failed:
	expected [Priya] but found [Pradip]">
      <![CDATA[java.lang.AssertionError: The following asserts failed:
expected [Priya] but found [Pradip]
at com.edusolution.pom.Gmail_Login.gmail_Login(Gmail_Login.java:82)
at com.edusolution.runner.TestNGRunner.gmail(TestNGRunner.java:73)
at java.base/java.util.ArrayList.forEach(ArrayList.java:1511)
... Removed 29 stack frames]]>
    </failure>
  </testcase> <!-- gmail -->
  <testcase classname="com.edusolution.runner.TestNGRunner" name="gmail" time="0.005"/>
  <testcase classname="com.edusolution.runner.TestNGRunner" name="language_test" time="0.0">
    <ignored/>
  </testcase> <!-- language_test -->
  <testcase classname="com.edusolution.runner.TestNGRunner" name="login" time="0.0">
    <ignored/>
  </testcase> <!-- login -->
  <testcase classname="com.edusolution.runner.TestNGRunner" name="google_search" time="0.0">
    <ignored/>
  </testcase> <!-- google_search -->
</testsuite> <!-- Test -->
